spawn ./cmake-build/robot-escape/robot-escape configuration.elcl
----------------------------==[ ROBOT ESCAPE ]==-----------------------------
Welcome to Robot Escape!
You (☻) must run to the exit (⚑) before any robot (♟) catches you.

[0m[90m░░░░░░░░░░░░░░░░░░░░░░░░░░░░░░░░░░░░░░░░
░░░░[32m┏━━━━━━━━━━━━━━━━━━━━━━━━━━━━━━┓[90m░░░░
░░░░[32m┃[0m                              [32m┃[90m░░░░
░░░░[32m┃[0m                              [32m┃[90m░░░░
░░░░[32m┃[0m       [91m♟[0m                      [32m┃[90m░░░░
░░░░[32m┃[0m                              [32m┃[90m░░░░
░░░░[32m┃[0m                              [32m┃[90m░░░░
░░░░[32m┃[0m                 [93m☻[0m     [91m♟[0m      [32m┃[90m░░░░
░░░░[32m┃[0m        [92m⚑[0m                     [32m┃[90m░░░░
░░░░[32m┃[0m                              [32m┃[90m░░░░
░░░░[32m┃[0m                              [32m┃[90m░░░░
░░░░[32m┃[0m            [91m♟[0m                 [32m┃[90m░░░░
░░░░[32m┃[0m                              [32m┃[90m░░░░
░░░░[32m┃[0m                              [32m┃[90m░░░░
░░░░[32m┃[0m                              [32m┃[90m░░░░
░░░░[32m┃[0m                              [32m┃[90m░░░░
░░░░[32m┃[0m                              [32m┃[90m░░░░
░░░░[32m┃[0m                              [32m┃[90m░░░░
░░░░[32m┗━━━━━━━━━━━━━━━━━━━━━━━━━━━━━━┛[90m░░░░
░░░░░░░░░░░░░░░░░░░░░░░░░░░░░░░░░░░░░░░░
[0m
Enter your move (n/e/s/w/q=quit): s
[0m[90m░░░░░░░░░░░░░░░░░░░░░░░░░░░░░░░░░░░░░░░░
░░░░[32m┏━━━━━━━━━━━━━━━━━━━━━━━━━━━━━━┓[90m░░░░
░░░░[32m┃[0m                              [32m┃[90m░░░░
░░░░[32m┃[0m                              [32m┃[90m░░░░
░░░░[32m┃[0m       [91m∙[0m                      [32m┃[90m░░░░
░░░░[32m┃[0m       [91m♟[0m                      [32m┃[90m░░░░
░░░░[32m┃[0m                              [32m┃[90m░░░░
░░░░[32m┃[0m                 [93m∙[0m    [91m♟[91m∙[0m      [32m┃[90m░░░░
░░░░[32m┃[0m        [92m⚑[0m        [93m☻[0m            [32m┃[90m░░░░
░░░░[32m┃[0m                              [32m┃[90m░░░░
░░░░[32m┃[0m                              [32m┃[90m░░░░
░░░░[32m┃[0m            [91m∙[91m♟[0m                [32m┃[90m░░░░
░░░░[32m┃[0m                              [32m┃[90m░░░░
░░░░[32m┃[0m                              [32m┃[90m░░░░
░░░░[32m┃[0m                              [32m┃[90m░░░░
░░░░[32m┃[0m                              [32m┃[90m░░░░
░░░░[32m┃[0m                              [32m┃[90m░░░░
░░░░[32m┃[0m                              [32m┃[90m░░░░
░░░░[32m┗━━━━━━━━━━━━━━━━━━━━━━━━━━━━━━┛[90m░░░░
░░░░░░░░░░░░░░░░░░░░░░░░░░░░░░░░░░░░░░░░
[0m
Enter your move (n/e/s/w/q=quit): w
[0m[90m░░░░░░░░░░░░░░░░░░░░░░░░░░░░░░░░░░░░░░░░
░░░░[32m┏━━━━━━━━━━━━━━━━━━━━━━━━━━━━━━┓[90m░░░░
░░░░[32m┃[0m                              [32m┃[90m░░░░
░░░░[32m┃[0m                              [32m┃[90m░░░░
░░░░[32m┃[0m       [91m∙[0m                      [32m┃[90m░░░░
░░░░[32m┃[0m       [91m∙[0m                      [32m┃[90m░░░░
░░░░[32m┃[0m       [91m♟[0m                      [32m┃[90m░░░░
░░░░[32m┃[0m                 [93m∙[0m   [91m♟[91m∙∙[0m      [32m┃[90m░░░░
░░░░[32m┃[0m        [92m⚑[0m       [93m☻[93m∙[0m            [32m┃[90m░░░░
░░░░[32m┃[0m                              [32m┃[90m░░░░
░░░░[32m┃[0m             [91m♟[0m                [32m┃[90m░░░░
░░░░[32m┃[0m            [91m∙∙[0m                [32m┃[90m░░░░
░░░░[32m┃[0m                              [32m┃[90m░░░░
░░░░[32m┃[0m                              [32m┃[90m░░░░
░░░░[32m┃[0m                              [32m┃[90m░░░░
░░░░[32m┃[0m                              [32m┃[90m░░░░
░░░░[32m┃[0m                              [32m┃[90m░░░░
░░░░[32m┃[0m                              [32m┃[90m░░░░
░░░░[32m┗━━━━━━━━━━━━━━━━━━━━━━━━━━━━━━┛[90m░░░░
░░░░░░░░░░░░░░░░░░░░░░░░░░░░░░░░░░░░░░░░
[0m
Enter your move (n/e/s/w/q=quit): w
[0m[90m░░░░░░░░░░░░░░░░░░░░░░░░░░░░░░░░░░░░░░░░
░░░░[32m┏━━━━━━━━━━━━━━━━━━━━━━━━━━━━━━┓[90m░░░░
░░░░[32m┃[0m                              [32m┃[90m░░░░
░░░░[32m┃[0m                              [32m┃[90m░░░░
░░░░[32m┃[0m       [91m∙[0m                      [32m┃[90m░░░░
░░░░[32m┃[0m       [91m∙[0m                      [32m┃[90m░░░░
░░░░[32m┃[0m       [91m∙[91m♟[0m                     [32m┃[90m░░░░
░░░░[32m┃[0m                 [93m∙[0m  [91m♟[91m∙∙∙[0m      [32m┃[90m░░░░
░░░░[32m┃[0m        [92m⚑[0m      [93m☻[93m∙∙[0m            [32m┃[90m░░░░
░░░░[32m┃[0m             [91m♟[0m                [32m┃[90m░░░░
░░░░[32m┃[0m             [91m∙[0m                [32m┃[90m░░░░
░░░░[32m┃[0m            [91m∙∙[0m                [32m┃[90m░░░░
░░░░[32m┃[0m                              [32m┃[90m░░░░
░░░░[32m┃[0m                              [32m┃[90m░░░░
░░░░[32m┃[0m                              [32m┃[90m░░░░
░░░░[32m┃[0m                              [32m┃[90m░░░░
░░░░[32m┃[0m                              [32m┃[90m░░░░
░░░░[32m┃[0m                              [32m┃[90m░░░░
░░░░[32m┗━━━━━━━━━━━━━━━━━━━━━━━━━━━━━━┛[90m░░░░
░░░░░░░░░░░░░░░░░░░░░░░░░░░░░░░░░░░░░░░░
[0m
Enter your move (n/e/s/w/q=quit): w
[0m[90m░░░░░░░░░░░░░░░░░░░░░░░░░░░░░░░░░░░░░░░░
░░░░[32m┏━━━━━━━━━━━━━━━━━━━━━━━━━━━━━━┓[90m░░░░
░░░░[32m┃[0m                              [32m┃[90m░░░░
░░░░[32m┃[0m                              [32m┃[90m░░░░
░░░░[32m┃[0m                              [32m┃[90m░░░░
░░░░[32m┃[0m       [91m∙[0m                      [32m┃[90m░░░░
░░░░[32m┃[0m       [91m∙∙[0m                     [32m┃[90m░░░░
░░░░[32m┃[0m        [91m♟[0m          [91m♟[91m∙∙∙[0m       [32m┃[90m░░░░
░░░░[32m┃[0m        [92m⚑[0m     [93m☻[93m∙∙∙[0m            [32m┃[90m░░░░
░░░░[32m┃[0m             [91m∙[91m♟[0m               [32m┃[90m░░░░
░░░░[32m┃[0m             [91m∙[0m                [32m┃[90m░░░░
░░░░[32m┃[0m             [91m∙[0m                [32m┃[90m░░░░
░░░░[32m┃[0m                              [32m┃[90m░░░░
░░░░[32m┃[0m                              [32m┃[90m░░░░
░░░░[32m┃[0m                              [32m┃[90m░░░░
░░░░[32m┃[0m                              [32m┃[90m░░░░
░░░░[32m┃[0m                              [32m┃[90m░░░░
░░░░[32m┃[0m                              [32m┃[90m░░░░
░░░░[32m┗━━━━━━━━━━━━━━━━━━━━━━━━━━━━━━┛[90m░░░░
░░░░░░░░░░░░░░░░░░░░░░░░░░░░░░░░░░░░░░░░
[0m
Enter your move (n/e/s/w/q=quit): w
[0m[90m░░░░░░░░░░░░░░░░░░░░░░░░░░░░░░░░░░░░░░░░
░░░░[32m┏━━━━━━━━━━━━━━━━━━━━━━━━━━━━━━┓[90m░░░░
░░░░[32m┃[0m                              [32m┃[90m░░░░
░░░░[32m┃[0m                              [32m┃[90m░░░░
░░░░[32m┃[0m                              [32m┃[90m░░░░
░░░░[32m┃[0m                              [32m┃[90m░░░░
░░░░[32m┃[0m       [91m∙∙[0m                     [32m┃[90m░░░░
░░░░[32m┃[0m        [91m∙[91m♟[0m        [91m♟[91m∙∙∙[0m        [32m┃[90m░░░░
░░░░[32m┃[0m        [92m⚑[0m    [93m☻[91m♟[93m∙∙[0m             [32m┃[90m░░░░
░░░░[32m┃[0m             [91m∙∙[0m               [32m┃[90m░░░░
░░░░[32m┃[0m             [91m∙[0m                [32m┃[90m░░░░
░░░░[32m┃[0m                              [32m┃[90m░░░░
░░░░[32m┃[0m                              [32m┃[90m░░░░
░░░░[32m┃[0m                              [32m┃[90m░░░░
░░░░[32m┃[0m                              [32m┃[90m░░░░
░░░░[32m┃[0m                              [32m┃[90m░░░░
░░░░[32m┃[0m                              [32m┃[90m░░░░
░░░░[32m┃[0m                              [32m┃[90m░░░░
░░░░[32m┗━━━━━━━━━━━━━━━━━━━━━━━━━━━━━━┛[90m░░░░
░░░░░░░░░░░░░░░░░░░░░░░░░░░░░░░░░░░░░░░░
[0m
Enter your move (n/e/s/w/q=quit): w
[0m[90m░░░░░░░░░░░░░░░░░░░░░░░░░░░░░░░░░░░░░░░░
░░░░[32m┏━━━━━━━━━━━━━━━━━━━━━━━━━━━━━━┓[90m░░░░
░░░░[32m┃[0m                              [32m┃[90m░░░░
░░░░[32m┃[0m                              [32m┃[90m░░░░
░░░░[32m┃[0m                              [32m┃[90m░░░░
░░░░[32m┃[0m                              [32m┃[90m░░░░
░░░░[32m┃[0m        [91m∙[0m                     [32m┃[90m░░░░
░░░░[32m┃[0m        [91m∙∙[91m♟[0m      [91m♟[91m∙∙∙[0m         [32m┃[90m░░░░
░░░░[32m┃[0m        [92m⚑[0m   [93m☻[91m♟[93m∙∙[0m              [32m┃[90m░░░░
░░░░[32m┃[0m             [91m∙∙[0m               [32m┃[90m░░░░
░░░░[32m┃[0m                              [32m┃[90m░░░░
░░░░[32m┃[0m                              [32m┃[90m░░░░
░░░░[32m┃[0m                              [32m┃[90m░░░░
░░░░[32m┃[0m                              [32m┃[90m░░░░
░░░░[32m┃[0m                              [32m┃[90m░░░░
░░░░[32m┃[0m                              [32m┃[90m░░░░
░░░░[32m┃[0m                              [32m┃[90m░░░░
░░░░[32m┃[0m                              [32m┃[90m░░░░
░░░░[32m┗━━━━━━━━━━━━━━━━━━━━━━━━━━━━━━┛[90m░░░░
░░░░░░░░░░░░░░░░░░░░░░░░░░░░░░░░░░░░░░░░
[0m
Enter your move (n/e/s/w/q=quit): w
[0m[90m░░░░░░░░░░░░░░░░░░░░░░░░░░░░░░░░░░░░░░░░
░░░░[32m┏━━━━━━━━━━━━━━━━━━━━━━━━━━━━━━┓[90m░░░░
░░░░[32m┃[0m                              [32m┃[90m░░░░
░░░░[32m┃[0m                              [32m┃[90m░░░░
░░░░[32m┃[0m                              [32m┃[90m░░░░
░░░░[32m┃[0m                              [32m┃[90m░░░░
░░░░[32m┃[0m                              [32m┃[90m░░░░
░░░░[32m┃[0m        [91m∙∙∙[0m     [91m♟[91m∙∙∙[0m          [32m┃[90m░░░░
░░░░[32m┃[0m        [92m⚑[0m [91m♟[93m☻[91m♟[93m∙∙[0m               [32m┃[90m░░░░
░░░░[32m┃[0m              [91m∙[0m               [32m┃[90m░░░░
░░░░[32m┃[0m                              [32m┃[90m░░░░
░░░░[32m┃[0m                              [32m┃[90m░░░░
░░░░[32m┃[0m                              [32m┃[90m░░░░
░░░░[32m┃[0m                              [32m┃[90m░░░░
░░░░[32m┃[0m                              [32m┃[90m░░░░
░░░░[32m┃[0m                              [32m┃[90m░░░░
░░░░[32m┃[0m                              [32m┃[90m░░░░
░░░░[32m┃[0m                              [32m┃[90m░░░░
░░░░[32m┗━━━━━━━━━━━━━━━━━━━━━━━━━━━━━━┛[90m░░░░
░░░░░░░░░░░░░░░░░░░░░░░░░░░░░░░░░░░░░░░░
[0m
Enter your move (n/e/s/w/q=quit): n
[0m[90m░░░░░░░░░░░░░░░░░░░░░░░░░░░░░░░░░░░░░░░░
░░░░[32m┏━━━━━━━━━━━━━━━━━━━━━━━━━━━━━━┓[90m░░░░
░░░░[32m┃[0m                              [32m┃[90m░░░░
░░░░[32m┃[0m                              [32m┃[90m░░░░
░░░░[32m┃[0m                              [32m┃[90m░░░░
░░░░[32m┃[0m                              [32m┃[90m░░░░
░░░░[32m┃[0m                              [32m┃[90m░░░░
░░░░[32m┃[0m         [91m∙[91m♟[93m☻[91m♟[0m  [91m♟[91m∙∙∙[0m           [32m┃[90m░░░░
░░░░[32m┃[0m        [92m⚑[0m [91m∙[93m∙∙∙[91m∙[0m               [32m┃[90m░░░░
░░░░[32m┃[0m                              [32m┃[90m░░░░
░░░░[32m┃[0m                              [32m┃[90m░░░░
░░░░[32m┃[0m                              [32m┃[90m░░░░
░░░░[32m┃[0m                              [32m┃[90m░░░░
░░░░[32m┃[0m                              [32m┃[90m░░░░
░░░░[32m┃[0m                              [32m┃[90m░░░░
░░░░[32m┃[0m                              [32m┃[90m░░░░
░░░░[32m┃[0m                              [32m┃[90m░░░░
░░░░[32m┃[0m                              [32m┃[90m░░░░
░░░░[32m┗━━━━━━━━━━━━━━━━━━━━━━━━━━━━━━┛[90m░░░░
░░░░░░░░░░░░░░░░░░░░░░░░░░░░░░░░░░░░░░░░
[0m
Enter your move (n/e/s/w/q=quit): n
[0m[90m░░░░░░░░░░░░░░░░░░░░░░░░░░░░░░░░░░░░░░░░
░░░░[32m┏━━━━━━━━━━━━━━━━━━━━━━━━━━━━━━┓[90m░░░░
░░░░[32m┃[0m                              [32m┃[90m░░░░
░░░░[32m┃[0m                              [32m┃[90m░░░░
░░░░[32m┃[0m                              [32m┃[90m░░░░
░░░░[32m┃[0m                              [32m┃[90m░░░░
░░░░[32m┃[0m          [91m♟[93m☻[91m♟[0m  [91m♟[0m              [32m┃[90m░░░░
░░░░[32m┃[0m          [91m∙[93m∙[91m∙[0m  [91m∙∙∙[0m            [32m┃[90m░░░░
░░░░[32m┃[0m        [92m⚑[0m [91m∙[93m∙∙[91m∙[0m                [32m┃[90m░░░░
░░░░[32m┃[0m                              [32m┃[90m░░░░
░░░░[32m┃[0m                              [32m┃[90m░░░░
░░░░[32m┃[0m                              [32m┃[90m░░░░
░░░░[32m┃[0m                              [32m┃[90m░░░░
░░░░[32m┃[0m                              [32m┃[90m░░░░
░░░░[32m┃[0m                              [32m┃[90m░░░░
░░░░[32m┃[0m                              [32m┃[90m░░░░
░░░░[32m┃[0m                              [32m┃[90m░░░░
░░░░[32m┃[0m                              [32m┃[90m░░░░
░░░░[32m┗━━━━━━━━━━━━━━━━━━━━━━━━━━━━━━┛[90m░░░░
░░░░░░░░░░░░░░░░░░░░░░░░░░░░░░░░░░░░░░░░
[0m
Enter your move (n/e/s/w/q=quit): n
[0m[90m░░░░░░░░░░░░░░░░░░░░░░░░░░░░░░░░░░░░░░░░
░░░░[32m┏━━━━━━━━━━━━━━━━━━━━━━━━━━━━━━┓[90m░░░░
░░░░[32m┃[0m                              [32m┃[90m░░░░
░░░░[32m┃[0m                              [32m┃[90m░░░░
░░░░[32m┃[0m                              [32m┃[90m░░░░
░░░░[32m┃[0m           [93m☻[91m♟[0m  [91m♟[0m              [32m┃[90m░░░░
░░░░[32m┃[0m          [91m∙[91m♟[91m∙[0m  [91m∙[0m              [32m┃[90m░░░░
░░░░[32m┃[0m          [91m∙[93m∙[91m∙[0m  [91m∙∙[0m             [32m┃[90m░░░░
░░░░[32m┃[0m        [92m⚑[0m [91m∙[93m∙[91m∙[0m                 [32m┃[90m░░░░
░░░░[32m┃[0m                              [32m┃[90m░░░░
░░░░[32m┃[0m                              [32m┃[90m░░░░
░░░░[32m┃[0m                              [32m┃[90m░░░░
░░░░[32m┃[0m                              [32m┃[90m░░░░
░░░░[32m┃[0m                              [32m┃[90m░░░░
░░░░[32m┃[0m                              [32m┃[90m░░░░
░░░░[32m┃[0m                              [32m┃[90m░░░░
░░░░[32m┃[0m                              [32m┃[90m░░░░
░░░░[32m┃[0m                              [32m┃[90m░░░░
░░░░[32m┗━━━━━━━━━━━━━━━━━━━━━━━━━━━━━━┛[90m░░░░
░░░░░░░░░░░░░░░░░░░░░░░░░░░░░░░░░░░░░░░░
[0m
Enter your move (n/e/s/w/q=quit): w
[0m[90m░░░░░░░░░░░░░░░░░░░░░░░░░░░░░░░░░░░░░░░░
░░░░[32m┏━━━━━━━━━━━━━━━━━━━━━━━━━━━━━━┓[90m░░░░
░░░░[32m┃[0m                              [32m┃[90m░░░░
░░░░[32m┃[0m                              [32m┃[90m░░░░
░░░░[32m┃[0m                              [32m┃[90m░░░░
░░░░[32m┃[0m          [93m☻[91m♟[91m∙[0m [91m♟[91m∙[0m              [32m┃[90m░░░░
░░░░[32m┃[0m          [91m♟[93m∙[91m∙[0m  [91m∙[0m              [32m┃[90m░░░░
░░░░[32m┃[0m          [91m∙[93m∙[91m∙[0m  [91m∙[0m              [32m┃[90m░░░░
░░░░[32m┃[0m        [92m⚑[0m                     [32m┃[90m░░░░
░░░░[32m┃[0m                              [32m┃[90m░░░░
░░░░[32m┃[0m                              [32m┃[90m░░░░
░░░░[32m┃[0m                              [32m┃[90m░░░░
░░░░[32m┃[0m                              [32m┃[90m░░░░
░░░░[32m┃[0m                              [32m┃[90m░░░░
░░░░[32m┃[0m                              [32m┃[90m░░░░
░░░░[32m┃[0m                              [32m┃[90m░░░░
░░░░[32m┃[0m                              [32m┃[90m░░░░
░░░░[32m┃[0m                              [32m┃[90m░░░░
░░░░[32m┗━━━━━━━━━━━━━━━━━━━━━━━━━━━━━━┛[90m░░░░
░░░░░░░░░░░░░░░░░░░░░░░░░░░░░░░░░░░░░░░░
[0m
Enter your move (n/e/s/w/q=quit): w
[0m[90m░░░░░░░░░░░░░░░░░░░░░░░░░░░░░░░░░░░░░░░░
░░░░[32m┏━━━━━━━━━━━━━━━━━━━━━━━━━━━━━━┓[90m░░░░
░░░░[32m┃[0m                              [32m┃[90m░░░░
░░░░[32m┃[0m                              [32m┃[90m░░░░
░░░░[32m┃[0m                              [32m┃[90m░░░░
░░░░[32m┃[0m         [93m☻[91m♟[93m∙[91m∙[91m♟[91m∙∙[0m              [32m┃[90m░░░░
░░░░[32m┃[0m          [91m∙[91m♟[91m∙[0m  [91m∙[0m              [32m┃[90m░░░░
░░░░[32m┃[0m                              [32m┃[90m░░░░
░░░░[32m┃[0m        [92m⚑[0m                     [32m┃[90m░░░░
░░░░[32m┃[0m                              [32m┃[90m░░░░
░░░░[32m┃[0m                              [32m┃[90m░░░░
░░░░[32m┃[0m                              [32m┃[90m░░░░
░░░░[32m┃[0m                              [32m┃[90m░░░░
░░░░[32m┃[0m                              [32m┃[90m░░░░
░░░░[32m┃[0m                              [32m┃[90m░░░░
░░░░[32m┃[0m                              [32m┃[90m░░░░
░░░░[32m┃[0m                              [32m┃[90m░░░░
░░░░[32m┃[0m                              [32m┃[90m░░░░
░░░░[32m┗━━━━━━━━━━━━━━━━━━━━━━━━━━━━━━┛[90m░░░░
░░░░░░░░░░░░░░░░░░░░░░░░░░░░░░░░░░░░░░░░
[0m
Enter your move (n/e/s/w/q=quit): w
[0m[90m░░░░░░░░░░░░░░░░░░░░░░░░░░░░░░░░░░░░░░░░
░░░░[32m┏━━━━━━━━━━━━━━━━━━━━━━━━━━━━━━┓[90m░░░░
░░░░[32m┃[0m                              [32m┃[90m░░░░
░░░░[32m┃[0m                              [32m┃[90m░░░░
░░░░[32m┃[0m                              [32m┃[90m░░░░
░░░░[32m┃[0m        [93m☻[91m♟[93m∙∙[91m♟[91m∙∙∙[0m              [32m┃[90m░░░░
░░░░[32m┃[0m          [91m♟[91m∙[0m                  [32m┃[90m░░░░
░░░░[32m┃[0m                              [32m┃[90m░░░░
░░░░[32m┃[0m        [92m⚑[0m                     [32m┃[90m░░░░
░░░░[32m┃[0m                              [32m┃[90m░░░░
░░░░[32m┃[0m                              [32m┃[90m░░░░
░░░░[32m┃[0m                              [32m┃[90m░░░░
░░░░[32m┃[0m                              [32m┃[90m░░░░
░░░░[32m┃[0m                              [32m┃[90m░░░░
░░░░[32m┃[0m                              [32m┃[90m░░░░
░░░░[32m┃[0m                              [32m┃[90m░░░░
░░░░[32m┃[0m                              [32m┃[90m░░░░
░░░░[32m┃[0m                              [32m┃[90m░░░░
░░░░[32m┗━━━━━━━━━━━━━━━━━━━━━━━━━━━━━━┛[90m░░░░
░░░░░░░░░░░░░░░░░░░░░░░░░░░░░░░░░░░░░░░░
[0m
Enter your move (n/e/s/w/q=quit): s
[0m[90m░░░░░░░░░░░░░░░░░░░░░░░░░░░░░░░░░░░░░░░░
░░░░[32m┏━━━━━━━━━━━━━━━━━━━━━━━━━━━━━━┓[90m░░░░
░░░░[32m┃[0m                              [32m┃[90m░░░░
░░░░[32m┃[0m                              [32m┃[90m░░░░
░░░░[32m┃[0m                              [32m┃[90m░░░░
░░░░[32m┃[0m        [93m∙∙∙[91m♟[91m∙∙∙[0m               [32m┃[90m░░░░
░░░░[32m┃[0m        [93m☻[91m♟[91m∙∙[0m                  [32m┃[90m░░░░
░░░░[32m┃[0m          [91m♟[0m                   [32m┃[90m░░░░
░░░░[32m┃[0m        [92m⚑[0m                     [32m┃[90m░░░░
░░░░[32m┃[0m                              [32m┃[90m░░░░
░░░░[32m┃[0m                              [32m┃[90m░░░░
░░░░[32m┃[0m                              [32m┃[90m░░░░
░░░░[32m┃[0m                              [32m┃[90m░░░░
░░░░[32m┃[0m                              [32m┃[90m░░░░
░░░░[32m┃[0m                              [32m┃[90m░░░░
░░░░[32m┃[0m                              [32m┃[90m░░░░
░░░░[32m┃[0m                              [32m┃[90m░░░░
░░░░[32m┃[0m                              [32m┃[90m░░░░
░░░░[32m┗━━━━━━━━━━━━━━━━━━━━━━━━━━━━━━┛[90m░░░░
░░░░░░░░░░░░░░░░░░░░░░░░░░░░░░░░░░░░░░░░
[0m
Enter your move (n/e/s/w/q=quit): s
[0m[90m░░░░░░░░░░░░░░░░░░░░░░░░░░░░░░░░░░░░░░░░
░░░░[32m┏━━━━━━━━━━━━━━━━━━━━━━━━━━━━━━┓[90m░░░░
░░░░[32m┃[0m                              [32m┃[90m░░░░
░░░░[32m┃[0m                              [32m┃[90m░░░░
░░░░[32m┃[0m                              [32m┃[90m░░░░
░░░░[32m┃[0m        [93m∙∙[91m♟[91m∙∙∙[0m                [32m┃[90m░░░░
░░░░[32m┃[0m        [91m♟[91m∙∙∙[0m                  [32m┃[90m░░░░
░░░░[32m┃[0m        [93m☻[91m♟[91m∙[0m                   [32m┃[90m░░░░
░░░░[32m┃[0m        [92m⚑[0m                     [32m┃[90m░░░░
░░░░[32m┃[0m                              [32m┃[90m░░░░
░░░░[32m┃[0m                              [32m┃[90m░░░░
░░░░[32m┃[0m                              [32m┃[90m░░░░
░░░░[32m┃[0m                              [32m┃[90m░░░░
░░░░[32m┃[0m                              [32m┃[90m░░░░
░░░░[32m┃[0m                              [32m┃[90m░░░░
░░░░[32m┃[0m                              [32m┃[90m░░░░
░░░░[32m┃[0m                              [32m┃[90m░░░░
░░░░[32m┃[0m                              [32m┃[90m░░░░
░░░░[32m┗━━━━━━━━━━━━━━━━━━━━━━━━━━━━━━┛[90m░░░░
░░░░░░░░░░░░░░░░░░░░░░░░░░░░░░░░░░░░░░░░
[0m
Enter your move (n/e/s/w/q=quit): s
[0m[90m░░░░░░░░░░░░░░░░░░░░░░░░░░░░░░░░░░░░░░░░
░░░░[32m┏━━━━━━━━━━━━━━━━━━━━━━━━━━━━━━┓[90m░░░░
░░░░[32m┃[0m                              [32m┃[90m░░░░
░░░░[32m┃[0m                              [32m┃[90m░░░░
░░░░[32m┃[0m                              [32m┃[90m░░░░
░░░░[32m┃[0m        [93m∙[91m∙∙∙∙[0m                 [32m┃[90m░░░░
░░░░[32m┃[0m        [93m∙[91m∙[91m♟[0m                   [32m┃[90m░░░░
░░░░[32m┃[0m        [91m♟[91m∙∙[0m                   [32m┃[90m░░░░
░░░░[32m┃[0m        [93m☻[91m♟[0m                    [32m┃[90m░░░░
░░░░[32m┃[0m                              [32m┃[90m░░░░
░░░░[32m┃[0m                              [32m┃[90m░░░░
░░░░[32m┃[0m                              [32m┃[90m░░░░
░░░░[32m┃[0m                              [32m┃[90m░░░░
░░░░[32m┃[0m                              [32m┃[90m░░░░
░░░░[32m┃[0m                              [32m┃[90m░░░░
░░░░[32m┃[0m                              [32m┃[90m░░░░
░░░░[32m┃[0m                              [32m┃[90m░░░░
░░░░[32m┃[0m                              [32m┃[90m░░░░
░░░░[32m┗━━━━━━━━━━━━━━━━━━━━━━━━━━━━━━┛[90m░░░░
░░░░░░░░░░░░░░░░░░░░░░░░░░░░░░░░░░░░░░░░
[0m
You won!
